<?xml version="1.0" encoding="UTF-8"?>
<!-- Generated by org.testng.reporters.JUnitXMLReporter -->
<testsuite ignored="0" hostname="PENNANT229" failures="9" tests="61" name="Default test" time="2.716" errors="0" timestamp="2023-07-06T14:57:10 IST">
  <testcase classname="com.avengers.bus.services.implementation.CancelTicketServiceImplTest" name="testCancelTicket" time="0.041"/>
  <testcase classname="com.avengers.bus.services.implementation.CancelTicketServiceImplTest" name="testRefund" time="0.414">
    <failure type="java.lang.NullPointerException" message="Cannot invoke &amp;quot;com.razorpay.PaymentClient.refund(String)&amp;quot; because &amp;quot;razorpay.payments&amp;quot; is null">
      <![CDATA[java.lang.NullPointerException: Cannot invoke "com.razorpay.PaymentClient.refund(String)" because "razorpay.payments" is null
at com.avengers.bus.services.implementation.CancelTicketServiceImplTest.testRefund(CancelTicketServiceImplTest.java:62)
at java.base/jdk.internal.reflect.NativeMethodAccessorImpl.invoke0(Native Method)
at java.base/jdk.internal.reflect.NativeMethodAccessorImpl.invoke(NativeMethodAccessorImpl.java:62)
at java.base/jdk.internal.reflect.DelegatingMethodAccessorImpl.invoke(DelegatingMethodAccessorImpl.java:43)
at java.base/java.lang.reflect.Method.invoke(Method.java:564)
at org.testng.internal.invokers.MethodInvocationHelper.invokeMethod(MethodInvocationHelper.java:139)
at org.testng.internal.invokers.TestInvoker.invokeMethod(TestInvoker.java:664)
at org.testng.internal.invokers.TestInvoker.invokeTestMethod(TestInvoker.java:227)
at org.testng.internal.invokers.MethodRunner.runInSequence(MethodRunner.java:50)
at org.testng.internal.invokers.TestInvoker$MethodInvocationAgent.invoke(TestInvoker.java:957)
at org.testng.internal.invokers.TestInvoker.invokeTestMethods(TestInvoker.java:200)
at org.testng.internal.invokers.TestMethodWorker.invokeTestMethods(TestMethodWorker.java:148)
at org.testng.internal.invokers.TestMethodWorker.run(TestMethodWorker.java:128)
at java.base/java.util.ArrayList.forEach(ArrayList.java:1510)
at org.testng.TestRunner.privateRun(TestRunner.java:848)
at org.testng.TestRunner.run(TestRunner.java:621)
at org.testng.SuiteRunner.runTest(SuiteRunner.java:443)
at org.testng.SuiteRunner.runSequentially(SuiteRunner.java:437)
at org.testng.SuiteRunner.privateRun(SuiteRunner.java:397)
at org.testng.SuiteRunner.run(SuiteRunner.java:336)
at org.testng.SuiteRunnerWorker.runSuite(SuiteRunnerWorker.java:52)
at org.testng.SuiteRunnerWorker.run(SuiteRunnerWorker.java:95)
at org.testng.TestNG.runSuitesSequentially(TestNG.java:1280)
at org.testng.TestNG.runSuitesLocally(TestNG.java:1200)
at org.testng.TestNG.runSuites(TestNG.java:1114)
at org.testng.TestNG.run(TestNG.java:1082)
at org.testng.remote.AbstractRemoteTestNG.run(AbstractRemoteTestNG.java:115)
at org.testng.remote.RemoteTestNG.initAndRun(RemoteTestNG.java:251)
at org.testng.remote.RemoteTestNG.main(RemoteTestNG.java:77)
]]>
    </failure>
  </testcase> <!-- testRefund -->
  <testcase classname="com.avengers.bus.services.implementation.CheckSeatImplTest" name="testCheckAvailability_SeatsAvailable" time="0.014"/>
  <testcase classname="com.avengers.bus.services.implementation.CheckSeatImplTest" name="testCheckAvailability_SeatsNotAvailable" time="0.003"/>
  <testcase classname="com.avengers.bus.services.implementation.CheckSeatImplTest" name="testCheckPersistability_SeatsAvailable" time="0.049">
    <failure type="org.mockito.exceptions.misusing.WrongTypeOfReturnValue" message="
Boolean cannot be returned by getBookedSeatsCount()
getBookedSeatsCount() should return int
***
If you&amp;apos;re unsure why you&amp;apos;re getting above error read on.
Due to the nature of the syntax above problem might occur because:
1. This exception *might* occur in wrongly written multi-threaded tests.
   Please refer to Mockito FAQ on limitations of concurrency testing.
2. A spy is stubbed using when(spy.foo()).then() syntax. It is safer to stub spies - 
   - with doReturn|Throw() family of methods. More in javadocs for Mockito.spy() method.
">
      <![CDATA[org.mockito.exceptions.misusing.WrongTypeOfReturnValue: 
Boolean cannot be returned by getBookedSeatsCount()
getBookedSeatsCount() should return int
***
If you're unsure why you're getting above error read on.
Due to the nature of the syntax above problem might occur because:
1. This exception *might* occur in wrongly written multi-threaded tests.
   Please refer to Mockito FAQ on limitations of concurrency testing.
2. A spy is stubbed using when(spy.foo()).then() syntax. It is safer to stub spies - 
   - with doReturn|Throw() family of methods. More in javadocs for Mockito.spy() method.

at com.avengers.bus.services.implementation.CheckSeatImplTest.testCheckPersistability_SeatsAvailable(CheckSeatImplTest.java:87)
at java.base/jdk.internal.reflect.NativeMethodAccessorImpl.invoke0(Native Method)
at java.base/jdk.internal.reflect.NativeMethodAccessorImpl.invoke(NativeMethodAccessorImpl.java:62)
at java.base/jdk.internal.reflect.DelegatingMethodAccessorImpl.invoke(DelegatingMethodAccessorImpl.java:43)
at java.base/java.lang.reflect.Method.invoke(Method.java:564)
at org.testng.internal.invokers.MethodInvocationHelper.invokeMethod(MethodInvocationHelper.java:139)
at org.testng.internal.invokers.TestInvoker.invokeMethod(TestInvoker.java:664)
at org.testng.internal.invokers.TestInvoker.invokeTestMethod(TestInvoker.java:227)
at org.testng.internal.invokers.MethodRunner.runInSequence(MethodRunner.java:50)
at org.testng.internal.invokers.TestInvoker$MethodInvocationAgent.invoke(TestInvoker.java:957)
at org.testng.internal.invokers.TestInvoker.invokeTestMethods(TestInvoker.java:200)
at org.testng.internal.invokers.TestMethodWorker.invokeTestMethods(TestMethodWorker.java:148)
at org.testng.internal.invokers.TestMethodWorker.run(TestMethodWorker.java:128)
at java.base/java.util.ArrayList.forEach(ArrayList.java:1510)
at org.testng.TestRunner.privateRun(TestRunner.java:848)
at org.testng.TestRunner.run(TestRunner.java:621)
at org.testng.SuiteRunner.runTest(SuiteRunner.java:443)
at org.testng.SuiteRunner.runSequentially(SuiteRunner.java:437)
at org.testng.SuiteRunner.privateRun(SuiteRunner.java:397)
at org.testng.SuiteRunner.run(SuiteRunner.java:336)
at org.testng.SuiteRunnerWorker.runSuite(SuiteRunnerWorker.java:52)
at org.testng.SuiteRunnerWorker.run(SuiteRunnerWorker.java:95)
at org.testng.TestNG.runSuitesSequentially(TestNG.java:1280)
at org.testng.TestNG.runSuitesLocally(TestNG.java:1200)
at org.testng.TestNG.runSuites(TestNG.java:1114)
at org.testng.TestNG.run(TestNG.java:1082)
at org.testng.remote.AbstractRemoteTestNG.run(AbstractRemoteTestNG.java:115)
at org.testng.remote.RemoteTestNG.initAndRun(RemoteTestNG.java:251)
at org.testng.remote.RemoteTestNG.main(RemoteTestNG.java:77)
]]>
    </failure>
  </testcase> <!-- testCheckPersistability_SeatsAvailable -->
  <testcase classname="com.avengers.bus.services.implementation.CheckSeatImplTest" name="testCheckPersistability_SeatsNotAvailable" time="0.005">
    <failure type="org.mockito.exceptions.misusing.WrongTypeOfReturnValue" message="
Boolean cannot be returned by getBookedSeatsCount()
getBookedSeatsCount() should return int
***
If you&amp;apos;re unsure why you&amp;apos;re getting above error read on.
Due to the nature of the syntax above problem might occur because:
1. This exception *might* occur in wrongly written multi-threaded tests.
   Please refer to Mockito FAQ on limitations of concurrency testing.
2. A spy is stubbed using when(spy.foo()).then() syntax. It is safer to stub spies - 
   - with doReturn|Throw() family of methods. More in javadocs for Mockito.spy() method.
">
      <![CDATA[org.mockito.exceptions.misusing.WrongTypeOfReturnValue: 
Boolean cannot be returned by getBookedSeatsCount()
getBookedSeatsCount() should return int
***
If you're unsure why you're getting above error read on.
Due to the nature of the syntax above problem might occur because:
1. This exception *might* occur in wrongly written multi-threaded tests.
   Please refer to Mockito FAQ on limitations of concurrency testing.
2. A spy is stubbed using when(spy.foo()).then() syntax. It is safer to stub spies - 
   - with doReturn|Throw() family of methods. More in javadocs for Mockito.spy() method.

at com.avengers.bus.services.implementation.CheckSeatImplTest.testCheckPersistability_SeatsNotAvailable(CheckSeatImplTest.java:115)
at java.base/jdk.internal.reflect.NativeMethodAccessorImpl.invoke0(Native Method)
at java.base/jdk.internal.reflect.NativeMethodAccessorImpl.invoke(NativeMethodAccessorImpl.java:62)
at java.base/jdk.internal.reflect.DelegatingMethodAccessorImpl.invoke(DelegatingMethodAccessorImpl.java:43)
at java.base/java.lang.reflect.Method.invoke(Method.java:564)
at org.testng.internal.invokers.MethodInvocationHelper.invokeMethod(MethodInvocationHelper.java:139)
at org.testng.internal.invokers.TestInvoker.invokeMethod(TestInvoker.java:664)
at org.testng.internal.invokers.TestInvoker.invokeTestMethod(TestInvoker.java:227)
at org.testng.internal.invokers.MethodRunner.runInSequence(MethodRunner.java:50)
at org.testng.internal.invokers.TestInvoker$MethodInvocationAgent.invoke(TestInvoker.java:957)
at org.testng.internal.invokers.TestInvoker.invokeTestMethods(TestInvoker.java:200)
at org.testng.internal.invokers.TestMethodWorker.invokeTestMethods(TestMethodWorker.java:148)
at org.testng.internal.invokers.TestMethodWorker.run(TestMethodWorker.java:128)
at java.base/java.util.ArrayList.forEach(ArrayList.java:1510)
at org.testng.TestRunner.privateRun(TestRunner.java:848)
at org.testng.TestRunner.run(TestRunner.java:621)
at org.testng.SuiteRunner.runTest(SuiteRunner.java:443)
at org.testng.SuiteRunner.runSequentially(SuiteRunner.java:437)
at org.testng.SuiteRunner.privateRun(SuiteRunner.java:397)
at org.testng.SuiteRunner.run(SuiteRunner.java:336)
at org.testng.SuiteRunnerWorker.runSuite(SuiteRunnerWorker.java:52)
at org.testng.SuiteRunnerWorker.run(SuiteRunnerWorker.java:95)
at org.testng.TestNG.runSuitesSequentially(TestNG.java:1280)
at org.testng.TestNG.runSuitesLocally(TestNG.java:1200)
at org.testng.TestNG.runSuites(TestNG.java:1114)
at org.testng.TestNG.run(TestNG.java:1082)
at org.testng.remote.AbstractRemoteTestNG.run(AbstractRemoteTestNG.java:115)
at org.testng.remote.RemoteTestNG.initAndRun(RemoteTestNG.java:251)
at org.testng.remote.RemoteTestNG.main(RemoteTestNG.java:77)
]]>
    </failure>
  </testcase> <!-- testCheckPersistability_SeatsNotAvailable -->
  <testcase classname="com.avengers.bus.services.implementation.FetchUserTicketsImplTest" name="testGetCancelTicketList" time="0.454"/>
  <testcase classname="com.avengers.bus.services.implementation.FetchUserTicketsImplTest" name="testGetFutureTicketList" time="0.002"/>
  <testcase classname="com.avengers.bus.services.implementation.FetchUserTicketsImplTest" name="testGetPastTicketList" time="0.002"/>
  <testcase classname="com.avengers.bus.services.implementation.FetchUserTicketsImplTest" name="testGetratingTicketList" time="0.002"/>
  <testcase classname="com.avengers.bus.services.implementation.FetchUserTicketsImplTest" name="testGetticketList" time="0.003"/>
  <testcase classname="com.avengers.bus.services.implementation.FetchUserTicketsImplTest" name="testUpdateRatingTicketList" time="0.002"/>
  <testcase classname="com.avengers.bus.services.implementation.StationServiceImplTest" name="testListAll" time="0.004"/>
  <testcase classname="com.avengers.bus.services.implementation.StationServiceImplTest" name="testListAllWithEmptyStations" time="0.005"/>
  <testcase classname="com.avengers.bus.services.implementation.StationServiceImplTest" name="testListAllWithException" time="0.002"/>
  <testcase classname="com.avengers.bus.services.implementation.StationServiceImplTest" name="testListAllWithLargeNumberOfStations" time="0.002"/>
  <testcase classname="com.avengers.bus.services.implementation.StationServiceImplTest" name="testListAllWithMultipleStations" time="0.002"/>
  <testcase classname="com.avengers.bus.services.implementation.StationServiceImplTest" name="testListAllWithNoStations" time="0.001"/>
  <testcase classname="com.avengers.bus.services.implementation.FetchCountImplTest" name="testGetBusCount" time="0.001"/>
  <testcase classname="com.avengers.bus.services.implementation.FetchCountImplTest" name="testGetCollection" time="0.002"/>
  <testcase classname="com.avengers.bus.services.implementation.FetchCountImplTest" name="testGetFutureTicketCollection" time="0.003"/>
  <testcase classname="com.avengers.bus.services.implementation.FetchCountImplTest" name="testGetPastTicketCollection" time="0.001"/>
  <testcase classname="com.avengers.bus.services.implementation.FetchCountImplTest" name="testGetRouteCount" time="0.004"/>
  <testcase classname="com.avengers.bus.services.implementation.FetchCountImplTest" name="testGetServiceCount" time="0.001"/>
  <testcase classname="com.avengers.bus.services.implementation.FetchCountImplTest" name="testGetTripCount" time="0.001"/>
  <testcase classname="com.avengers.bus.services.implementation.FetchCountImplTest" name="testGetUserCount" time="0.002"/>
  <testcase classname="com.avengers.bus.services.implementation.UserPassengersServiceImplTest" name="testGetAllUserPassengers_InvalidUserId_ReturnsEmptyList" time="0.002"/>
  <testcase classname="com.avengers.bus.services.implementation.UserPassengersServiceImplTest" name="testGetAllUserPassengers_MultipleUsers_ReturnsCorrectPassengersForUserId" time="0.002"/>
  <testcase classname="com.avengers.bus.services.implementation.UserPassengersServiceImplTest" name="testGetAllUserPassengers_UserIdWithNoPassengers_ReturnsEmptyList" time="0.002"/>
  <testcase classname="com.avengers.bus.services.implementation.UserPassengersServiceImplTest" name="testGetAllUserPassengers_ValidUserId_ReturnsCorrectNumberOfPassengers" time="0.006"/>
  <testcase classname="com.avengers.bus.services.implementation.UserPassengersServiceImplTest" name="testGetAllUserPassengers_ValidUserId_ReturnsListOfUserPassengers" time="0.002"/>
  <testcase classname="com.avengers.bus.services.implementation.FetchUserImplTest" name="testAddUser" time="0.006"/>
  <testcase classname="com.avengers.bus.services.implementation.FetchUserImplTest" name="testGetUserList" time="0.141">
    <failure type="java.lang.AssertionError" message="expected [[{&amp;quot;userId&amp;quot;:1,&amp;quot;name&amp;quot;:&amp;quot;John&amp;quot;},{&amp;quot;userId&amp;quot;:1,&amp;quot;name&amp;quot;:&amp;quot;Jane&amp;quot;}]] but found [[{&amp;quot;user_id&amp;quot;:1,&amp;quot;email&amp;quot;:null,&amp;quot;password&amp;quot;:null,&amp;quot;full_name&amp;quot;:&amp;quot;Imran Streak&amp;quot;,&amp;quot;age&amp;quot;:0,&amp;quot;gender&amp;quot;:null,&amp;quot;cashback&amp;quot;:0.0,&amp;quot;wallet&amp;quot;:0.0}]]">
      <![CDATA[java.lang.AssertionError: expected [[{"userId":1,"name":"John"},{"userId":1,"name":"Jane"}]] but found [[{"user_id":1,"email":null,"password":null,"full_name":"Imran Streak","age":0,"gender":null,"cashback":0.0,"wallet":0.0}]]
at org.testng.Assert.fail(Assert.java:111)
at org.testng.Assert.failNotEquals(Assert.java:1578)
at org.testng.Assert.assertEqualsImpl(Assert.java:150)
at org.testng.Assert.assertEquals(Assert.java:132)
at org.testng.Assert.assertEquals(Assert.java:656)
at org.testng.Assert.assertEquals(Assert.java:666)
at com.avengers.bus.services.implementation.FetchUserImplTest.testGetUserList(FetchUserImplTest.java:55)
at java.base/jdk.internal.reflect.NativeMethodAccessorImpl.invoke0(Native Method)
at java.base/jdk.internal.reflect.NativeMethodAccessorImpl.invoke(NativeMethodAccessorImpl.java:62)
at java.base/jdk.internal.reflect.DelegatingMethodAccessorImpl.invoke(DelegatingMethodAccessorImpl.java:43)
at java.base/java.lang.reflect.Method.invoke(Method.java:564)
at org.testng.internal.invokers.MethodInvocationHelper.invokeMethod(MethodInvocationHelper.java:139)
at org.testng.internal.invokers.TestInvoker.invokeMethod(TestInvoker.java:664)
at org.testng.internal.invokers.TestInvoker.invokeTestMethod(TestInvoker.java:227)
at org.testng.internal.invokers.MethodRunner.runInSequence(MethodRunner.java:50)
at org.testng.internal.invokers.TestInvoker$MethodInvocationAgent.invoke(TestInvoker.java:957)
at org.testng.internal.invokers.TestInvoker.invokeTestMethods(TestInvoker.java:200)
at org.testng.internal.invokers.TestMethodWorker.invokeTestMethods(TestMethodWorker.java:148)
at org.testng.internal.invokers.TestMethodWorker.run(TestMethodWorker.java:128)
at java.base/java.util.ArrayList.forEach(ArrayList.java:1510)
at org.testng.TestRunner.privateRun(TestRunner.java:848)
at org.testng.TestRunner.run(TestRunner.java:621)
at org.testng.SuiteRunner.runTest(SuiteRunner.java:443)
at org.testng.SuiteRunner.runSequentially(SuiteRunner.java:437)
at org.testng.SuiteRunner.privateRun(SuiteRunner.java:397)
at org.testng.SuiteRunner.run(SuiteRunner.java:336)
at org.testng.SuiteRunnerWorker.runSuite(SuiteRunnerWorker.java:52)
at org.testng.SuiteRunnerWorker.run(SuiteRunnerWorker.java:95)
at org.testng.TestNG.runSuitesSequentially(TestNG.java:1280)
at org.testng.TestNG.runSuitesLocally(TestNG.java:1200)
at org.testng.TestNG.runSuites(TestNG.java:1114)
at org.testng.TestNG.run(TestNG.java:1082)
at org.testng.remote.AbstractRemoteTestNG.run(AbstractRemoteTestNG.java:115)
at org.testng.remote.RemoteTestNG.initAndRun(RemoteTestNG.java:251)
at org.testng.remote.RemoteTestNG.main(RemoteTestNG.java:77)
]]>
    </failure>
  </testcase> <!-- testGetUserList -->
  <testcase classname="com.avengers.bus.services.implementation.FetchUserImplTest" name="testGetUserListException" time="0.002">
    <failure type="java.lang.AssertionError" message="expected [null] but found [null]">
      <![CDATA[java.lang.AssertionError: expected [null] but found [null]
at org.testng.Assert.fail(Assert.java:111)
at org.testng.Assert.failNotSame(Assert.java:1574)
at org.testng.Assert.assertNull(Assert.java:1507)
at org.testng.Assert.assertNull(Assert.java:1495)
at com.avengers.bus.services.implementation.FetchUserImplTest.testGetUserListException(FetchUserImplTest.java:73)
at java.base/jdk.internal.reflect.NativeMethodAccessorImpl.invoke0(Native Method)
at java.base/jdk.internal.reflect.NativeMethodAccessorImpl.invoke(NativeMethodAccessorImpl.java:62)
at java.base/jdk.internal.reflect.DelegatingMethodAccessorImpl.invoke(DelegatingMethodAccessorImpl.java:43)
at java.base/java.lang.reflect.Method.invoke(Method.java:564)
at org.testng.internal.invokers.MethodInvocationHelper.invokeMethod(MethodInvocationHelper.java:139)
at org.testng.internal.invokers.TestInvoker.invokeMethod(TestInvoker.java:664)
at org.testng.internal.invokers.TestInvoker.invokeTestMethod(TestInvoker.java:227)
at org.testng.internal.invokers.MethodRunner.runInSequence(MethodRunner.java:50)
at org.testng.internal.invokers.TestInvoker$MethodInvocationAgent.invoke(TestInvoker.java:957)
at org.testng.internal.invokers.TestInvoker.invokeTestMethods(TestInvoker.java:200)
at org.testng.internal.invokers.TestMethodWorker.invokeTestMethods(TestMethodWorker.java:148)
at org.testng.internal.invokers.TestMethodWorker.run(TestMethodWorker.java:128)
at java.base/java.util.ArrayList.forEach(ArrayList.java:1510)
at org.testng.TestRunner.privateRun(TestRunner.java:848)
at org.testng.TestRunner.run(TestRunner.java:621)
at org.testng.SuiteRunner.runTest(SuiteRunner.java:443)
at org.testng.SuiteRunner.runSequentially(SuiteRunner.java:437)
at org.testng.SuiteRunner.privateRun(SuiteRunner.java:397)
at org.testng.SuiteRunner.run(SuiteRunner.java:336)
at org.testng.SuiteRunnerWorker.runSuite(SuiteRunnerWorker.java:52)
at org.testng.SuiteRunnerWorker.run(SuiteRunnerWorker.java:95)
at org.testng.TestNG.runSuitesSequentially(TestNG.java:1280)
at org.testng.TestNG.runSuitesLocally(TestNG.java:1200)
at org.testng.TestNG.runSuites(TestNG.java:1114)
at org.testng.TestNG.run(TestNG.java:1082)
at org.testng.remote.AbstractRemoteTestNG.run(AbstractRemoteTestNG.java:115)
at org.testng.remote.RemoteTestNG.initAndRun(RemoteTestNG.java:251)
at org.testng.remote.RemoteTestNG.main(RemoteTestNG.java:77)
]]>
    </failure>
  </testcase> <!-- testGetUserListException -->
  <testcase classname="com.avengers.bus.services.implementation.FetchUserCountsImplTest" name="testGetUserBookedCount" time="0.001"/>
  <testcase classname="com.avengers.bus.services.implementation.FetchUserCountsImplTest" name="testGetUserCounts" time="0.003"/>
  <testcase classname="com.avengers.bus.services.implementation.FetchUserCountsImplTest" name="testGetUserFutureTravelCount" time="0.001"/>
  <testcase classname="com.avengers.bus.services.implementation.FetchUserCountsImplTest" name="testGetUserTravelCount" time="0.003"/>
  <testcase classname="com.avengers.bus.services.implementation.FetchUserCountsImplTest" name="testGetUserWallet" time="0.001"/>
  <testcase classname="com.avengers.bus.services.implementation.FetchUserCountsImplTest" name="testGetUsername" time="0.004"/>
  <testcase classname="com.avengers.bus.services.implementation.FetchDetailsImplTest" name="testGetRouteDetails" time="0.002"/>
  <testcase classname="com.avengers.bus.services.implementation.FetchDetailsImplTest" name="testGetServiceDetails" time="0.002"/>
  <testcase classname="com.avengers.bus.services.implementation.FetchUserPassengersImplTest" name="testAddUserPassengers" time="0.003"/>
  <testcase classname="com.avengers.bus.services.implementation.FetchUserPassengersImplTest" name="testAddeditedPassengers" time="0.02">
    <failure type="org.mockito.exceptions.verification.ArgumentsAreDifferent" message="
Argument(s) are different! Wanted:
userPassengersDAO.updateUserPassengers(
    UserPassengersId [user_id=0, passenger_name=null, age=0, gender=null]
);
-&amp;gt; at com.avengers.bus.services.implementation.FetchUserPassengersImplTest.testAddeditedPassengers(FetchUserPassengersImplTest.java:65)
Actual invocation has different arguments:
userPassengersDAO.updateUserPassengers(
    UserPassengersId [user_id=0, passenger_name=null, age=0, gender=null]
);
-&amp;gt; at com.avengers.bus.services.implementation.FetchUserPassengersImpl.addeditedpassengers(FetchUserPassengersImpl.java:56)
">
      <![CDATA[Argument(s) are different! Wanted:
userPassengersDAO.updateUserPassengers(
    UserPassengersId [user_id=0, passenger_name=null, age=0, gender=null]
);
-> at com.avengers.bus.services.implementation.FetchUserPassengersImplTest.testAddeditedPassengers(FetchUserPassengersImplTest.java:65)
Actual invocation has different arguments:
userPassengersDAO.updateUserPassengers(
    UserPassengersId [user_id=0, passenger_name=null, age=0, gender=null]
);
-> at com.avengers.bus.services.implementation.FetchUserPassengersImpl.addeditedpassengers(FetchUserPassengersImpl.java:56)

at com.avengers.bus.services.implementation.FetchUserPassengersImplTest.testAddeditedPassengers(FetchUserPassengersImplTest.java:65)
at java.base/jdk.internal.reflect.NativeMethodAccessorImpl.invoke0(Native Method)
at java.base/jdk.internal.reflect.NativeMethodAccessorImpl.invoke(NativeMethodAccessorImpl.java:62)
at java.base/jdk.internal.reflect.DelegatingMethodAccessorImpl.invoke(DelegatingMethodAccessorImpl.java:43)
at java.base/java.lang.reflect.Method.invoke(Method.java:564)
at org.testng.internal.invokers.MethodInvocationHelper.invokeMethod(MethodInvocationHelper.java:139)
at org.testng.internal.invokers.TestInvoker.invokeMethod(TestInvoker.java:664)
at org.testng.internal.invokers.TestInvoker.invokeTestMethod(TestInvoker.java:227)
at org.testng.internal.invokers.MethodRunner.runInSequence(MethodRunner.java:50)
at org.testng.internal.invokers.TestInvoker$MethodInvocationAgent.invoke(TestInvoker.java:957)
at org.testng.internal.invokers.TestInvoker.invokeTestMethods(TestInvoker.java:200)
at org.testng.internal.invokers.TestMethodWorker.invokeTestMethods(TestMethodWorker.java:148)
at org.testng.internal.invokers.TestMethodWorker.run(TestMethodWorker.java:128)
at java.base/java.util.ArrayList.forEach(ArrayList.java:1510)
at org.testng.TestRunner.privateRun(TestRunner.java:848)
at org.testng.TestRunner.run(TestRunner.java:621)
at org.testng.SuiteRunner.runTest(SuiteRunner.java:443)
at org.testng.SuiteRunner.runSequentially(SuiteRunner.java:437)
at org.testng.SuiteRunner.privateRun(SuiteRunner.java:397)
at org.testng.SuiteRunner.run(SuiteRunner.java:336)
at org.testng.SuiteRunnerWorker.runSuite(SuiteRunnerWorker.java:52)
at org.testng.SuiteRunnerWorker.run(SuiteRunnerWorker.java:95)
at org.testng.TestNG.runSuitesSequentially(TestNG.java:1280)
at org.testng.TestNG.runSuitesLocally(TestNG.java:1200)
at org.testng.TestNG.runSuites(TestNG.java:1114)
at org.testng.TestNG.run(TestNG.java:1082)
at org.testng.remote.AbstractRemoteTestNG.run(AbstractRemoteTestNG.java:115)
at org.testng.remote.RemoteTestNG.initAndRun(RemoteTestNG.java:251)
at org.testng.remote.RemoteTestNG.main(RemoteTestNG.java:77)
]]>
    </failure>
  </testcase> <!-- testAddeditedPassengers -->
  <testcase classname="com.avengers.bus.services.implementation.FetchUserPassengersImplTest" name="testDeleteUserPassengers" time="0.002">
    <failure type="org.mockito.exceptions.verification.ArgumentsAreDifferent" message="
Argument(s) are different! Wanted:
userPassengersDAO.deleteUserPassengers(
    UserPassengersId [user_id=0, passenger_name=null, age=0, gender=null]
);
-&amp;gt; at com.avengers.bus.services.implementation.FetchUserPassengersImplTest.testDeleteUserPassengers(FetchUserPassengersImplTest.java:76)
Actual invocation has different arguments:
userPassengersDAO.deleteUserPassengers(
    UserPassengersId [user_id=0, passenger_name=null, age=0, gender=null]
);
-&amp;gt; at com.avengers.bus.services.implementation.FetchUserPassengersImpl.deleteUserpassengers(FetchUserPassengersImpl.java:72)
">
      <![CDATA[Argument(s) are different! Wanted:
userPassengersDAO.deleteUserPassengers(
    UserPassengersId [user_id=0, passenger_name=null, age=0, gender=null]
);
-> at com.avengers.bus.services.implementation.FetchUserPassengersImplTest.testDeleteUserPassengers(FetchUserPassengersImplTest.java:76)
Actual invocation has different arguments:
userPassengersDAO.deleteUserPassengers(
    UserPassengersId [user_id=0, passenger_name=null, age=0, gender=null]
);
-> at com.avengers.bus.services.implementation.FetchUserPassengersImpl.deleteUserpassengers(FetchUserPassengersImpl.java:72)

at com.avengers.bus.services.implementation.FetchUserPassengersImplTest.testDeleteUserPassengers(FetchUserPassengersImplTest.java:76)
at java.base/jdk.internal.reflect.NativeMethodAccessorImpl.invoke0(Native Method)
at java.base/jdk.internal.reflect.NativeMethodAccessorImpl.invoke(NativeMethodAccessorImpl.java:62)
at java.base/jdk.internal.reflect.DelegatingMethodAccessorImpl.invoke(DelegatingMethodAccessorImpl.java:43)
at java.base/java.lang.reflect.Method.invoke(Method.java:564)
at org.testng.internal.invokers.MethodInvocationHelper.invokeMethod(MethodInvocationHelper.java:139)
at org.testng.internal.invokers.TestInvoker.invokeMethod(TestInvoker.java:664)
at org.testng.internal.invokers.TestInvoker.invokeTestMethod(TestInvoker.java:227)
at org.testng.internal.invokers.MethodRunner.runInSequence(MethodRunner.java:50)
at org.testng.internal.invokers.TestInvoker$MethodInvocationAgent.invoke(TestInvoker.java:957)
at org.testng.internal.invokers.TestInvoker.invokeTestMethods(TestInvoker.java:200)
at org.testng.internal.invokers.TestMethodWorker.invokeTestMethods(TestMethodWorker.java:148)
at org.testng.internal.invokers.TestMethodWorker.run(TestMethodWorker.java:128)
at java.base/java.util.ArrayList.forEach(ArrayList.java:1510)
at org.testng.TestRunner.privateRun(TestRunner.java:848)
at org.testng.TestRunner.run(TestRunner.java:621)
at org.testng.SuiteRunner.runTest(SuiteRunner.java:443)
at org.testng.SuiteRunner.runSequentially(SuiteRunner.java:437)
at org.testng.SuiteRunner.privateRun(SuiteRunner.java:397)
at org.testng.SuiteRunner.run(SuiteRunner.java:336)
at org.testng.SuiteRunnerWorker.runSuite(SuiteRunnerWorker.java:52)
at org.testng.SuiteRunnerWorker.run(SuiteRunnerWorker.java:95)
at org.testng.TestNG.runSuitesSequentially(TestNG.java:1280)
at org.testng.TestNG.runSuitesLocally(TestNG.java:1200)
at org.testng.TestNG.runSuites(TestNG.java:1114)
at org.testng.TestNG.run(TestNG.java:1082)
at org.testng.remote.AbstractRemoteTestNG.run(AbstractRemoteTestNG.java:115)
at org.testng.remote.RemoteTestNG.initAndRun(RemoteTestNG.java:251)
at org.testng.remote.RemoteTestNG.main(RemoteTestNG.java:77)
]]>
    </failure>
  </testcase> <!-- testDeleteUserPassengers -->
  <testcase classname="com.avengers.bus.services.implementation.FetchUserPassengersImplTest" name="testGetPassengersList" time="0.009"/>
  <testcase classname="com.avengers.bus.services.implementation.BusListServiceImplTest" name="testGetBusListWithTravelClass" time="0.002"/>
  <testcase classname="com.avengers.bus.services.implementation.BusListServiceImplTest" name="testGetBusListWithoutTravelClass" time="0.002"/>
  <testcase classname="com.avengers.bus.services.implementation.SaveTicketServiceImplTest" name="testSaveTheTicket" time="0.007">
    <failure type="java.lang.NullPointerException">
      <![CDATA[java.lang.NullPointerException
at java.base/java.util.Objects.requireNonNull(Objects.java:222)
at java.base/java.util.ImmutableCollections$AbstractImmutableList.indexOf(ImmutableCollections.java:166)
at com.avengers.bus.services.implementation.SaveTicketServiceImpl$1.compare(SaveTicketServiceImpl.java:66)
at com.avengers.bus.services.implementation.SaveTicketServiceImpl$1.compare(SaveTicketServiceImpl.java:1)
at java.base/java.util.TimSort.countRunAndMakeAscending(TimSort.java:355)
at java.base/java.util.TimSort.sort(TimSort.java:220)
at java.base/java.util.Arrays.sort(Arrays.java:1306)
at java.base/java.util.ArrayList.sort(ArrayList.java:1720)
at java.base/java.util.Collections.sort(Collections.java:179)
at com.avengers.bus.services.implementation.SaveTicketServiceImpl.saveTheTicket(SaveTicketServiceImpl.java:72)
at com.avengers.bus.services.implementation.SaveTicketServiceImplTest.testSaveTheTicket(SaveTicketServiceImplTest.java:48)
at java.base/jdk.internal.reflect.NativeMethodAccessorImpl.invoke0(Native Method)
at java.base/jdk.internal.reflect.NativeMethodAccessorImpl.invoke(NativeMethodAccessorImpl.java:62)
at java.base/jdk.internal.reflect.DelegatingMethodAccessorImpl.invoke(DelegatingMethodAccessorImpl.java:43)
at java.base/java.lang.reflect.Method.invoke(Method.java:564)
at org.testng.internal.invokers.MethodInvocationHelper.invokeMethod(MethodInvocationHelper.java:139)
at org.testng.internal.invokers.TestInvoker.invokeMethod(TestInvoker.java:664)
at org.testng.internal.invokers.TestInvoker.invokeTestMethod(TestInvoker.java:227)
at org.testng.internal.invokers.MethodRunner.runInSequence(MethodRunner.java:50)
at org.testng.internal.invokers.TestInvoker$MethodInvocationAgent.invoke(TestInvoker.java:957)
at org.testng.internal.invokers.TestInvoker.invokeTestMethods(TestInvoker.java:200)
at org.testng.internal.invokers.TestMethodWorker.invokeTestMethods(TestMethodWorker.java:148)
at org.testng.internal.invokers.TestMethodWorker.run(TestMethodWorker.java:128)
at java.base/java.util.ArrayList.forEach(ArrayList.java:1510)
at org.testng.TestRunner.privateRun(TestRunner.java:848)
at org.testng.TestRunner.run(TestRunner.java:621)
at org.testng.SuiteRunner.runTest(SuiteRunner.java:443)
at org.testng.SuiteRunner.runSequentially(SuiteRunner.java:437)
at org.testng.SuiteRunner.privateRun(SuiteRunner.java:397)
at org.testng.SuiteRunner.run(SuiteRunner.java:336)
at org.testng.SuiteRunnerWorker.runSuite(SuiteRunnerWorker.java:52)
at org.testng.SuiteRunnerWorker.run(SuiteRunnerWorker.java:95)
at org.testng.TestNG.runSuitesSequentially(TestNG.java:1280)
at org.testng.TestNG.runSuitesLocally(TestNG.java:1200)
at org.testng.TestNG.runSuites(TestNG.java:1114)
at org.testng.TestNG.run(TestNG.java:1082)
at org.testng.remote.AbstractRemoteTestNG.run(AbstractRemoteTestNG.java:115)
at org.testng.remote.RemoteTestNG.initAndRun(RemoteTestNG.java:251)
at org.testng.remote.RemoteTestNG.main(RemoteTestNG.java:77)
]]>
    </failure>
  </testcase> <!-- testSaveTheTicket -->
  <testcase classname="com.avengers.bus.services.implementation.FetchListImplTest" name="testGetBusList" time="0.007"/>
  <testcase classname="com.avengers.bus.services.implementation.FetchListImplTest" name="testGetRouteList" time="0.004"/>
  <testcase classname="com.avengers.bus.services.implementation.FetchListImplTest" name="testGetServiceList" time="0.002"/>
  <testcase classname="com.avengers.bus.services.implementation.FetchListImplTest" name="testGetServiceListFirstPage" time="0.004"/>
  <testcase classname="com.avengers.bus.services.implementation.FetchListImplTest" name="testGetTicketList" time="0.121">
    <failure type="java.lang.AssertionError" message="Lists differ at element [0]: Ticket [booking_id=1, payment_id=123, user_id=9, booking_date=2023-07-06, booking_time=09:30:00, trip_id=10, service_id=0, payment_mode=online, total_fare=1000.0, status=confirmed, no_of_seats_booked=2, source=VSK, destination=, order_id=abc1234, travel_date=2023-07-06, departure=12:30:00, passengerList=null] != Ticket [booking_id=1, payment_id=123, user_id=9, booking_date=2023-07-06, booking_time=09:30:00, trip_id=10, service_id=0, payment_mode=online, total_fare=1000.0, status=confirmed, no_of_seats_booked=2, source=VSK, destination=, order_id=abc1234, travel_date=2023-07-06, departure=12:30:00, passengerList=null] expected [Ticket [booking_id=1, payment_id=123, user_id=9, booking_date=2023-07-06, booking_time=09:30:00, trip_id=10, service_id=0, payment_mode=online, total_fare=1000.0, status=confirmed, no_of_seats_booked=2, source=VSK, destination=, order_id=abc1234, travel_date=2023-07-06, departure=12:30:00, passengerList=null]] but found [Ticket [booking_id=1, payment_id=123, user_id=9, booking_date=2023-07-06, booking_time=09:30:00, trip_id=10, service_id=0, payment_mode=online, total_fare=1000.0, status=confirmed, no_of_seats_booked=2, source=VSK, destination=, order_id=abc1234, travel_date=2023-07-06, departure=12:30:00, passengerList=null]]">
      <![CDATA[java.lang.AssertionError: Lists differ at element [0]: Ticket [booking_id=1, payment_id=123, user_id=9, booking_date=2023-07-06, booking_time=09:30:00, trip_id=10, service_id=0, payment_mode=online, total_fare=1000.0, status=confirmed, no_of_seats_booked=2, source=VSK, destination=, order_id=abc1234, travel_date=2023-07-06, departure=12:30:00, passengerList=null] != Ticket [booking_id=1, payment_id=123, user_id=9, booking_date=2023-07-06, booking_time=09:30:00, trip_id=10, service_id=0, payment_mode=online, total_fare=1000.0, status=confirmed, no_of_seats_booked=2, source=VSK, destination=, order_id=abc1234, travel_date=2023-07-06, departure=12:30:00, passengerList=null] expected [Ticket [booking_id=1, payment_id=123, user_id=9, booking_date=2023-07-06, booking_time=09:30:00, trip_id=10, service_id=0, payment_mode=online, total_fare=1000.0, status=confirmed, no_of_seats_booked=2, source=VSK, destination=, order_id=abc1234, travel_date=2023-07-06, departure=12:30:00, passengerList=null]] but found [Ticket [booking_id=1, payment_id=123, user_id=9, booking_date=2023-07-06, booking_time=09:30:00, trip_id=10, service_id=0, payment_mode=online, total_fare=1000.0, status=confirmed, no_of_seats_booked=2, source=VSK, destination=, order_id=abc1234, travel_date=2023-07-06, departure=12:30:00, passengerList=null]]
at org.testng.Assert.fail(Assert.java:111)
at org.testng.Assert.failNotEquals(Assert.java:1578)
at org.testng.Assert.assertEqualsImpl(Assert.java:150)
at org.testng.Assert.assertEquals(Assert.java:1644)
at org.testng.Assert.assertEquals(Assert.java:1606)
at com.avengers.bus.services.implementation.FetchListImplTest.testGetTicketList(FetchListImplTest.java:168)
at java.base/jdk.internal.reflect.NativeMethodAccessorImpl.invoke0(Native Method)
at java.base/jdk.internal.reflect.NativeMethodAccessorImpl.invoke(NativeMethodAccessorImpl.java:62)
at java.base/jdk.internal.reflect.DelegatingMethodAccessorImpl.invoke(DelegatingMethodAccessorImpl.java:43)
at java.base/java.lang.reflect.Method.invoke(Method.java:564)
at org.testng.internal.invokers.MethodInvocationHelper.invokeMethod(MethodInvocationHelper.java:139)
at org.testng.internal.invokers.TestInvoker.invokeMethod(TestInvoker.java:664)
at org.testng.internal.invokers.TestInvoker.invokeTestMethod(TestInvoker.java:227)
at org.testng.internal.invokers.MethodRunner.runInSequence(MethodRunner.java:50)
at org.testng.internal.invokers.TestInvoker$MethodInvocationAgent.invoke(TestInvoker.java:957)
at org.testng.internal.invokers.TestInvoker.invokeTestMethods(TestInvoker.java:200)
at org.testng.internal.invokers.TestMethodWorker.invokeTestMethods(TestMethodWorker.java:148)
at org.testng.internal.invokers.TestMethodWorker.run(TestMethodWorker.java:128)
at java.base/java.util.ArrayList.forEach(ArrayList.java:1510)
at org.testng.TestRunner.privateRun(TestRunner.java:848)
at org.testng.TestRunner.run(TestRunner.java:621)
at org.testng.SuiteRunner.runTest(SuiteRunner.java:443)
at org.testng.SuiteRunner.runSequentially(SuiteRunner.java:437)
at org.testng.SuiteRunner.privateRun(SuiteRunner.java:397)
at org.testng.SuiteRunner.run(SuiteRunner.java:336)
at org.testng.SuiteRunnerWorker.runSuite(SuiteRunnerWorker.java:52)
at org.testng.SuiteRunnerWorker.run(SuiteRunnerWorker.java:95)
at org.testng.TestNG.runSuitesSequentially(TestNG.java:1280)
at org.testng.TestNG.runSuitesLocally(TestNG.java:1200)
at org.testng.TestNG.runSuites(TestNG.java:1114)
at org.testng.TestNG.run(TestNG.java:1082)
at org.testng.remote.AbstractRemoteTestNG.run(AbstractRemoteTestNG.java:115)
at org.testng.remote.RemoteTestNG.initAndRun(RemoteTestNG.java:251)
at org.testng.remote.RemoteTestNG.main(RemoteTestNG.java:77)
]]>
    </failure>
  </testcase> <!-- testGetTicketList -->
  <testcase classname="com.avengers.bus.services.implementation.FetchListImplTest" name="testGetTicketPassengerList" time="0.003"/>
  <testcase classname="com.avengers.bus.services.implementation.TicketDetailsImplTest" name="testGenerateTicketDetails" time="0.022"/>
  <testcase classname="com.avengers.bus.services.implementation.FetchGraphDataImplTest" name="testGetMonthlyCollection" time="0.003"/>
  <testcase classname="com.avengers.bus.services.implementation.FetchGraphDataImplTest" name="testGetRouteCollection" time="0.005"/>
  <testcase classname="com.avengers.bus.services.implementation.FetchGraphDataImplTest" name="testGetTripCollection" time="0.001"/>
  <testcase classname="com.avengers.bus.services.implementation.AdminCountsServiceImplTest" name="getCountsTest" time="0.003"/>
  <testcase classname="com.avengers.bus.services.implementation.BusTypeServiceImplTest" name="testListAll" time="0.002"/>
</testsuite> <!-- Default test -->
