<?xml version="1.0" encoding="UTF-8"?>
<!-- Generated by org.testng.reporters.JUnitReportReporter -->
<testsuite hostname="PENNANT-VSP112" failures="0" tests="3" name="com.avengers.bus.services.test.FetchDetailsImplTest" time="0.001" errors="1" timestamp="2023-07-14T15:12:29 IST" skipped="2">
  <testcase classname="com.avengers.bus.services.test.FetchDetailsImplTest" name="testGetServiceDetails" time="0.000">
    <skipped/>
  </testcase> <!-- testGetServiceDetails -->
  <testcase classname="com.avengers.bus.services.test.FetchDetailsImplTest" name="setUp" time="0.001">
    <error message="
Mockito cannot mock this class: interface com.avengers.bus.dao.contracts.DetailsDAO.

Mockito can only mock non-private &amp; non-final classes.
If you&#039;re not sure why you&#039;re getting this error, please report to the mailing list.


Java               : 14
JVM vendor name    : Oracle Corporation
JVM vendor version : 14.0.1+7
JVM name           : OpenJDK 64-Bit Server VM
JVM version        : 14.0.1+7
JVM info           : mixed mode, sharing
OS name            : Windows 10
OS version         : 10.0


Underlying exception : java.lang.IllegalArgumentException: Could not create type" type="org.mockito.exceptions.base.MockitoException">
      <![CDATA[org.mockito.exceptions.base.MockitoException: 
Mockito cannot mock this class: interface com.avengers.bus.dao.contracts.DetailsDAO.

Mockito can only mock non-private & non-final classes.
If you're not sure why you're getting this error, please report to the mailing list.


Java               : 14
JVM vendor name    : Oracle Corporation
JVM vendor version : 14.0.1+7
JVM name           : OpenJDK 64-Bit Server VM
JVM version        : 14.0.1+7
JVM info           : mixed mode, sharing
OS name            : Windows 10
OS version         : 10.0


Underlying exception : java.lang.IllegalArgumentException: Could not create type
at com.avengers.bus.services.test.FetchDetailsImplTest.setUp(FetchDetailsImplTest.java:30)
at java.base/jdk.internal.reflect.NativeMethodAccessorImpl.invoke0(Native Method)
at java.base/jdk.internal.reflect.NativeMethodAccessorImpl.invoke(NativeMethodAccessorImpl.java:62)
at java.base/jdk.internal.reflect.DelegatingMethodAccessorImpl.invoke(DelegatingMethodAccessorImpl.java:43)
at java.base/java.lang.reflect.Method.invoke(Method.java:564)
at org.testng.internal.invokers.MethodInvocationHelper.invokeMethod(MethodInvocationHelper.java:139)
at org.testng.internal.invokers.MethodInvocationHelper.invokeMethodConsideringTimeout(MethodInvocationHelper.java:69)
at org.testng.internal.invokers.ConfigInvoker.invokeConfigurationMethod(ConfigInvoker.java:390)
at org.testng.internal.invokers.ConfigInvoker.invokeConfigurations(ConfigInvoker.java:325)
at org.testng.internal.invokers.TestMethodWorker.invokeBeforeClassMethods(TestMethodWorker.java:180)
at org.testng.internal.invokers.TestMethodWorker.run(TestMethodWorker.java:122)
at java.base/java.util.ArrayList.forEach(ArrayList.java:1510)
at org.testng.TestRunner.privateRun(TestRunner.java:848)
at org.testng.TestRunner.run(TestRunner.java:621)
at org.testng.SuiteRunner.runTest(SuiteRunner.java:443)
at org.testng.SuiteRunner.runSequentially(SuiteRunner.java:437)
at org.testng.SuiteRunner.privateRun(SuiteRunner.java:397)
at org.testng.SuiteRunner.run(SuiteRunner.java:336)
at org.testng.SuiteRunnerWorker.runSuite(SuiteRunnerWorker.java:52)
at org.testng.SuiteRunnerWorker.run(SuiteRunnerWorker.java:95)
at org.testng.TestNG.runSuitesSequentially(TestNG.java:1280)
at org.testng.TestNG.runSuitesLocally(TestNG.java:1200)
at org.testng.TestNG.runSuites(TestNG.java:1114)
at org.testng.TestNG.run(TestNG.java:1082)
at org.testng.remote.AbstractRemoteTestNG.run(AbstractRemoteTestNG.java:115)
at org.testng.remote.RemoteTestNG.initAndRun(RemoteTestNG.java:251)
at org.testng.remote.RemoteTestNG.main(RemoteTestNG.java:77)
Caused by: java.lang.IllegalArgumentException: Could not create type
at net.bytebuddy.TypeCache.findOrInsert(TypeCache.java:139)
at net.bytebuddy.TypeCache$WithInlineExpunction.findOrInsert(TypeCache.java:344)
at net.bytebuddy.TypeCache.findOrInsert(TypeCache.java:159)
at net.bytebuddy.TypeCache$WithInlineExpunction.findOrInsert(TypeCache.java:353)
at org.mockito.internal.creation.bytebuddy.TypeCachingBytecodeGenerator.mockClass(TypeCachingBytecodeGenerator.java:32)
at org.mockito.internal.creation.bytebuddy.SubclassByteBuddyMockMaker.createMockType(SubclassByteBuddyMockMaker.java:71)
at org.mockito.internal.creation.bytebuddy.SubclassByteBuddyMockMaker.createMock(SubclassByteBuddyMockMaker.java:42)
at org.mockito.internal.creation.bytebuddy.ByteBuddyMockMaker.createMock(ByteBuddyMockMaker.java:25)
at org.mockito.internal.util.MockUtil.createMock(MockUtil.java:35)
at org.mockito.internal.MockitoCore.mock(MockitoCore.java:63)
at org.mockito.Mockito.mock(Mockito.java:1908)
at org.mockito.internal.configuration.MockAnnotationProcessor.processAnnotationForMock(MockAnnotationProcessor.java:44)
at org.mockito.internal.configuration.MockAnnotationProcessor.process(MockAnnotationProcessor.java:19)
at org.mockito.internal.configuration.MockAnnotationProcessor.process(MockAnnotationProcessor.java:16)
at org.mockito.internal.configuration.IndependentAnnotationEngine.createMockFor(IndependentAnnotationEngine.java:38)
at org.mockito.internal.configuration.IndependentAnnotationEngine.process(IndependentAnnotationEngine.java:62)
at org.mockito.internal.configuration.InjectingAnnotationEngine.processIndependentAnnotations(InjectingAnnotationEngine.java:49)
at org.mockito.internal.configuration.InjectingAnnotationEngine.process(InjectingAnnotationEngine.java:41)
at org.mockito.MockitoAnnotations.initMocks(MockitoAnnotations.java:69)
... 27 more
Caused by: java.lang.NoSuchMethodError: 'net.bytebuddy.dynamic.loading.MultipleParentClassLoader$Builder net.bytebuddy.dynamic.loading.MultipleParentClassLoader$Builder.appendMostSpecific(java.util.Collection)'
at org.mockito.internal.creation.bytebuddy.SubclassBytecodeGenerator.mockClass(SubclassBytecodeGenerator.java:83)
at org.mockito.internal.creation.bytebuddy.TypeCachingBytecodeGenerator$1.call(TypeCachingBytecodeGenerator.java:37)
at org.mockito.internal.creation.bytebuddy.TypeCachingBytecodeGenerator$1.call(TypeCachingBytecodeGenerator.java:34)
at net.bytebuddy.TypeCache.findOrInsert(TypeCache.java:137)
... 45 more
]]>
    </error>
  </testcase> <!-- setUp -->
  <testcase classname="com.avengers.bus.services.test.FetchDetailsImplTest" name="testGetRouteDetails" time="0.000">
    <skipped/>
  </testcase> <!-- testGetRouteDetails -->
</testsuite> <!-- com.avengers.bus.services.test.FetchDetailsImplTest -->
